[debug] [2023-03-18T04:00:58.989Z] ----------------------------------------------------------------------
[debug] [2023-03-18T04:00:58.992Z] Command:       C:\Program Files\nodejs\node.exe C:\Users\ravee\AppData\Roaming\npm\node_modules\firebase-tools\lib\bin\firebase.js init
[debug] [2023-03-18T04:00:58.993Z] CLI Version:   11.24.1
[debug] [2023-03-18T04:00:58.993Z] Platform:      win32
[debug] [2023-03-18T04:00:58.993Z] Node Version:  v16.18.0
[debug] [2023-03-18T04:00:58.994Z] Time:          Sat Mar 18 2023 09:30:58 GMT+0530 (India Standard Time)
[debug] [2023-03-18T04:00:58.995Z] ----------------------------------------------------------------------
[debug] 
[debug] [2023-03-18T04:00:59.119Z] > command requires scopes: ["email","openid","https://www.googleapis.com/auth/cloudplatformprojects.readonly","https://www.googleapis.com/auth/firebase","https://www.googleapis.com/auth/cloud-platform"]
[debug] [2023-03-18T04:00:59.120Z] > authorizing via signed-in user (prakashaathi321@gmail.com)
[info] 
     ######## #### ########  ######## ########     ###     ######  ########
     ##        ##  ##     ## ##       ##     ##  ##   ##  ##       ##
     ######    ##  ########  ######   ########  #########  ######  ######
     ##        ##  ##    ##  ##       ##     ## ##     ##       ## ##
     ##       #### ##     ## ######## ########  ##     ##  ######  ########

You're about to initialize a Firebase project in this directory:

  C:\Users\ravee\Desktop\React practice\spine-portfolio

Before we get started, keep in mind:

  * You are initializing within an existing Firebase project directory

[info] 
=== Project Setup
[info] 
[info] First, let's associate this project directory with a Firebase project.
[info] You can create multiple project aliases by running firebase use --add, 
[info] but for now we'll just set up a default project.
[info] 
[debug] [2023-03-18T04:01:10.872Z] Using project from CLI flag: portfolio-b4401
[debug] [2023-03-18T04:01:10.878Z] >>> [apiv2][query] GET https://firebase.googleapis.com/v1beta1/projects/portfolio-b4401 [none]
[debug] [2023-03-18T04:01:12.233Z] <<< [apiv2][status] GET https://firebase.googleapis.com/v1beta1/projects/portfolio-b4401 200
[debug] [2023-03-18T04:01:12.234Z] <<< [apiv2][body] GET https://firebase.googleapis.com/v1beta1/projects/portfolio-b4401 {"projectId":"portfolio-b4401","projectNumber":"121814847766","displayName":"portfolio","name":"projects/portfolio-b4401","resources":{"hostingSite":"portfolio-b4401"},"state":"ACTIVE","etag":"1_bbff09d2-694d-411f-be57-87ebcc28aa2c"}
[info] i  Using project portfolio-b4401 (portfolio) 
[info] 
=== Hosting Setup
[info] 
[info] Your public directory is the folder (relative to your project directory) that
[info] will contain Hosting assets to be uploaded with firebase deploy. If you
[info] have a build process for your assets, use your build's output directory.
[info] 
